<?xml version="1.0" encoding="UTF-8"?>
<!-- Generated by org.testng.reporters.JUnitReportReporter -->
<testsuite hostname="selenium-VirtualBox" failures="0" tests="1" name="com.example.AppTest" time="0.008" errors="0" timestamp="2021-12-29T04:02:01 EET" skipped="0">
  <testcase classname="com.example.AppTest" name="shouldAnswerWithTrue" time="0.008"/>
  <system-out/>
</testsuite> <!-- com.example.AppTest -->
